Arguments: 
  D:\Program Files\nodejs\node.exe C:\Users\Gabriel\AppData\Roaming\npm\node_modules\yarn\bin\yarn.js install

PATH: 
  C:\ProgramData\Oracle\Java\javapath;C:\Program Files\Microsoft MPI\Bin\;C:\Program Files (x86)\Intel\iCLS Client\;C:\Program Files\Intel\iCLS Client\;C:\Windows\system32;C:\Windows;C:\Windows\System32\Wbem;C:\Windows\System32\WindowsPowerShell\v1.0\;C:\Program Files (x86)\NVIDIA Corporation\PhysX\Common;C:\Program Files (x86)\Intel\Intel(R) Management Engine Components\DAL;C:\Program Files\Intel\Intel(R) Management Engine Components\DAL;C:\Program Files (x86)\Intel\Intel(R) Management Engine Components\IPT;C:\Program Files\Intel\Intel(R) Management Engine Components\IPT;C:\Program Files\Intel\WiFi\bin\;C:\Program Files\Common Files\Intel\WirelessCommon\;C:\Program Files (x86)\GtkSharp\2.12\bin;C:\Program Files (x86)\Windows Kits\10\Windows Performance Toolkit\;C:\Program Files\dotnet\;C:\Program Files\Microsoft SQL Server\130\Tools\Binn\;C:\Program Files\Git\cmd;C:\Program Files\Anaconda3;C:\Program Files\Anaconda3\Scripts;C:\Program Files\Anaconda3\Library\bin;C:\Program Files (x86)\Android\android-sdk\platform-tools\;D:\wamp64\bin\php\php7.0.10;C:\ProgramData\ComposerSetup\bin;D:\Program Files\nodejs\;C:\Program Files (x86)\Android\android-sdk\;C:\WINDOWS\system32;C:\WINDOWS;C:\WINDOWS\System32\Wbem;C:\WINDOWS\System32\WindowsPowerShell\v1.0\;D:\MatLab\runtime\win32;D:\MatLab\bin;D:\MatLab\polyspace\bin;C:\Program Files (x86)\Skype\Phone\;C:\Program Files (x86)\PuTTY\;C:\Program Files\PuTTY\;C:\Users\Gabriel\AppData\Roaming\Composer\vendor\bin;C:\Users\Gabriel\AppData\Roaming\npm;C:\Users\Gabriel\AppData\Local\Microsoft\WindowsApps;C:\Program Files\Microsoft VS Code\bin

Yarn version: 
  1.2.1

Node version: 
  6.9.1

Platform: 
  win32 x64

npm manifest: 
  {
      "name": "myKlovr",
      "version": "1.0.0-alpha.1",
      "description": "Virtual College Counselor",
      "author": "Pacificsoft S.A.",
      "url": "https://myklovr.com",
      "copyright": "Copyright 2017 Student Global LLC.",
      "license": "",
      "scripts": {
          "ng": "ng",
          "preuniversal": "ng build --prod && ngc",
          "universal": "ts-node src/server.ts",
          "start": "ng serve -o",
          "build": "ng build",
          "test": "ng test",
          "prod": "ng build -prod",
          "envprod": "ng build --env=prod",
          "lint": "ng lint",
          "buildqa": "ng build --environment=qa",
          "qa": "ng serve -o --environment=qa",
          "e2e": "ng e2e"
      },
      "private": true,
      "dependencies": {
          "@agm/core": "^1.0.0-beta.1",
          "@angular/animations": "^4.4.6",
          "@angular/cdk": "^2.0.0-beta.10",
          "@angular/common": "^4.0.0",
          "@angular/compiler": "^4.0.0",
          "@angular/core": "^4.0.0",
          "@angular/forms": "^4.0.0",
          "@angular/http": "^4.0.0",
          "@angular/material": "^2.0.0-beta.10",
          "@angular/platform-browser": "^4.4.5",
          "@angular/platform-browser-dynamic": "^4.0.0",
          "@angular/platform-server": "^4.4.6",
          "@angular/router": "^4.0.0",
          "@ng-bootstrap/ng-bootstrap": "^1.0.0-beta.5",
          "@ng-idle/core": "^2.0.0-beta.12",
          "@ng-idle/keepalive": "^2.0.0-beta.12",
          "@types/jquery": "^2.0.42",
          "angular-2-dropdown-multiselect": "^1.5.4",
          "angular-calendar": "^0.20.1",
          "angular-io-overlay": "^1.2.7",
          "angular2-bootstrap-switch": "^0.2.1",
          "angular2-busy": "^2.0.4",
          "angular2-ie9-shims": "0.0.2",
          "angular2-image-upload": "^0.6.6",
          "angular2-moment": "^1.7.0",
          "angular2-notifications": "^0.7.7",
          "angular2-universal": "^2.1.0-rc.1",
          "applicationinsights-js": "^1.0.8",
          "body-parser": "^1.18.2",
          "classlist.js": "^1.1.20150312",
          "core-js": "^2.5.1",
          "dropzone": "^5.1.1",
          "es6": "0.0.7",
          "es6-shim": "^0.35.3",
          "express": "^4.16.2",
          "glyphicons-halflings": "^1.9.0",
          "hammerjs": "^2.0.8",
          "intl": "^1.2.5",
          "ng-socket-io": "^0.1.11",
          "ng2-filter-pipe": "^0.1.10",
          "ng2-idle-keepalive": "^1.0.0-alpha.10",
          "ng2-img-cropper": "^0.9.0",
          "ng2-order-pipe": "^0.1.5",
          "ng2-search-filter": "^0.3.1",
          "ng2-socket-io": "^0.1.7",
          "ng2-validation": "^4.2.0",
          "ngx-dropzone-wrapper": "^4.6.0",
          "ngx-facebook": "^2.4.0",
          "ngx-loading": "^1.0.7",
          "ngx-pagination": "^3.0.1",
          "preboot": "^5.1.4",
          "primeng": "^4.2.1",
          "reflect-metadata": "^0.1.10",
          "rxjs": "^5.4.3",
          "systemjs": "^0.20.19",
          "typescript": "^2.4.2",
          "web-animations-js": "^2.3.1",
          "zone.js": "^0.8.18"
      },
      "devDependencies": {
          "@angular/animations": "^4.4.5",
          "@angular/cli": "^1.3.2",
          "@angular/compiler-cli": "^4.0.0",
          "@ng-idle/core": "^2.0.0-beta.12",
          "@ng-idle/keepalive": "^2.0.0-beta.12",
          "@types/applicationinsights-js": "^1.0.2",
          "@types/jasmine": "2.5.38",
          "@types/jquery": "^2.0.48",
          "@types/node": "~6.0.60",
          "codelyzer": "~2.0.0",
          "jasmine-core": "~2.5.2",
          "jasmine-spec-reporter": "~3.2.0",
          "karma": "~1.4.1",
          "karma-chrome-launcher": "~2.1.1",
          "karma-cli": "~1.0.1",
          "karma-coverage-istanbul-reporter": "^0.2.0",
          "karma-jasmine": "~1.1.0",
          "karma-jasmine-html-reporter": "^0.2.2",
          "ngx-dropzone-wrapper": "^4.6.2",
          "ngx-facebook": "^2.4.0",
          "ngx-pagination": "^3.0.1",
          "protractor": "~5.1.0",
          "ts-node": "~2.0.0",
          "tslint": "~4.5.0",
          "typescript": "~2.4.2"
      }
  }

yarn manifest: 
  No manifest

Lockfile: 
  No lockfile

Trace: 
  Error: https://registry.yarnpkg.com/ng2-img-cropper/-/ng2-img-cropper-0.9.0.tgz: ENOSPC: no space left on device, write
      at Error (native)
